<?xml version="1.0" encoding="UTF-8"?>
<testng-results ignored="0" total="1" passed="1" failed="0" skipped="0">
  <reporter-output>
  </reporter-output>
  <suite started-at="2024-03-14T18:15:31 IST" name="Surefire suite" finished-at="2024-03-14T18:16:34 IST" duration-ms="63201">
    <groups>
    </groups>
    <test started-at="2024-03-14T18:15:31 IST" name="Surefire test" finished-at="2024-03-14T18:16:34 IST" duration-ms="63201">
      <class name="driverFactory.AppTest">
        <test-method signature="kickStrat()[pri:0, instance:driverFactory.AppTest@6a370f4]" started-at="2024-03-14T18:15:31 IST" name="kickStrat" finished-at="2024-03-14T18:16:34 IST" duration-ms="63091" status="PASS">
          <reporter-output>
          </reporter-output>
        </test-method> <!-- kickStrat -->
      </class> <!-- driverFactory.AppTest -->
    </test> <!-- Surefire test -->
  </suite> <!-- Surefire suite -->
</testng-results>
